--- Copying files at Tue Aug  7 07:47:49 UTC 2018
INSTALLED init.groovy.d/tcp-slave-agent-port.groovy
INSTALLED plugins/apache-httpcomponents-client-4-api.jpi : 4.5.5-3.0
INSTALLED plugins/authentication-tokens.jpi : 1.3
INSTALLED plugins/bouncycastle-api.jpi : 2.16.3
INSTALLED plugins/config-file-provider.jpi : 2.18
INSTALLED plugins/credentials-binding.jpi : 1.16
INSTALLED plugins/credentials.jpi : 2.1.18
INSTALLED plugins/docker-commons.jpi : 1.13
INSTALLED plugins/docker-java-api.jpi : 3.0.14
INSTALLED plugins/docker-plugin.jpi : 1.1.4
INSTALLED plugins/durable-task.jpi : 1.23
INSTALLED plugins/jackson2-api.jpi : 2.8.11.3
INSTALLED plugins/jclouds-jenkins.jpi : 2.14
INSTALLED plugins/jdk-tool.jpi : 1.1
INSTALLED plugins/plain-credentials.jpi : 1.4
INSTALLED plugins/ssh-credentials.jpi : 1.14
INSTALLED plugins/ssh-slaves.jpi : 1.26
INSTALLED plugins/structs.jpi : 1.14
INSTALLED plugins/token-macro.jpi : 2.5
INSTALLED plugins/workflow-step-api.jpi : 2.16
